2023/06/14 10:22:48.294 [E]  read data head Error
2023/06/14 10:23:03.702 [E]  Account=wangzhenghao123
2023/06/14 10:23:03.702 [E]  Password=123
2023/06/14 15:26:45.315 [I]  init sec succ
2023/06/14 15:26:59.940 [E]  Account=wangzhenghao123
2023/06/14 15:26:59.941 [E]  Password=123
2023/06/14 15:34:39.145 [E]  read data head Error
2023/06/14 15:34:53.366 [E]  Account=wangzhenghao123
2023/06/14 15:34:53.366 [E]  Password=123
2023/06/14 15:35:18.984 [I]  init sec succ
2023/06/14 15:35:36.103 [E]  Account=wangzhenghao123
2023/06/14 15:35:36.103 [E]  Password=123
2023/06/14 15:35:45.358 [I]  init sec succ
2023/06/14 15:37:25.589 [E]  Account=wangzhenghao123
2023/06/14 15:37:25.589 [E]  Password=123
2023/06/14 15:46:52.058 [I]  init sec succ
2023/06/14 15:47:02.259 [E]  Account=wangzhenghao123
2023/06/14 15:47:02.259 [E]  Password=123
2023/06/14 15:49:47.642 [I]  init sec succ
2023/06/14 15:50:02.716 [E]  Account=wangzhenghao123
2023/06/14 15:50:02.717 [E]  Password=123
2023/06/14 15:51:26.859 [I]  init sec succ
2023/06/14 15:51:38.896 [E]  Account=wangzhenghao123
2023/06/14 15:51:38.896 [E]  Password=123
2023/06/14 16:03:30.516 [I]  init sec succ
2023/06/14 16:03:43.975 [E]  Account=wangzhenghao123
2023/06/14 16:03:43.975 [E]  Password=123
2023/06/14 16:03:55.655 [E]  read data head Error
2023/06/14 16:04:06.734 [E]  Account=wangzhenghao123
2023/06/14 16:04:06.734 [E]  Password=123
2023/06/14 16:18:45.546 [I]  init sec succ
2023/06/14 16:18:58.809 [E]  Error parsing JSON: unexpected end of JSON input
2023/06/14 16:19:42.419 [I]  init sec succ
2023/06/14 16:19:56.418 [E]  Account=wangzhenghao123
2023/06/14 16:19:56.418 [E]  Password=123
2023/06/14 16:41:32.928 [E]  read data head Error
2023/06/14 16:42:31.633 [I]  init sec succ
2023/06/14 16:42:41.291 [E]  Error parsing JSON: unexpected end of JSON input
2023/06/14 16:43:07.656 [E]  read data head Error
2023/06/14 16:43:16.928 [I]  init sec succ
2023/06/14 16:43:29.216 [E]  Account=wangzhenghao123
2023/06/14 16:43:29.218 [E]  Password=123
2023/06/14 16:49:34.938 [I]  init sec succ
2023/06/14 16:49:45.091 [E]  Account=wangzhenghao123
2023/06/14 16:49:45.091 [E]  Password=123
2023/06/14 16:50:47.602 [I]  init sec succ
2023/06/14 16:51:00.375 [E]  Account=wangzhenghao123
2023/06/14 16:51:00.375 [E]  Password=123
2023/06/14 17:21:12.097 [I]  init sec succ
2023/06/14 17:28:14.317 [I]  init sec succ
2023/06/14 17:49:54.635 [I]  init sec succ
2023/06/14 17:56:39.159 [I]  init sec succ
2023/06/15 11:48:51.679 [I]  init sec succ
2023/06/15 11:49:15.860 [E]  read data head Error
2023/06/15 11:49:43.276 [E]  read data head Error
2023/06/15 13:21:51.401 [I]  init sec succ
2023/06/15 13:22:21.507 [E]  read data head Error
2023/06/15 13:23:38.520 [E]  read data head Error
2023/06/15 13:23:45.241 [E]  read data head Error
2023/06/15 13:23:56.317 [I]  init sec succ
2023/06/15 13:24:28.489 [E]  read data head Error
2023/06/15 13:27:58.627 [E]  read data head Error
2023/06/15 13:28:06.395 [E]  read data head Error
2023/06/15 13:28:15.792 [I]  init sec succ
2023/06/15 13:35:43.344 [I]  init sec succ
2023/06/15 13:45:32.696 [I]  init sec succ
2023/06/15 13:55:33.428 [E]  read data head Error
2023/06/15 13:55:37.079 [E]  read data head Error
2023/06/15 13:55:47.689 [E]  read data head Error
2023/06/15 13:56:53.509 [E]  read data head Error
2023/06/15 13:57:07.291 [I]  init sec succ
2023/06/15 14:03:56.936 [I]  init sec succ
2023/06/15 14:13:12.316 [E]  read data head Error
2023/06/15 14:13:22.375 [E]  read data head Error
2023/06/15 14:13:29.733 [E]  read data head Error
2023/06/15 14:18:55.895 [E]  read data head Error
2023/06/15 14:19:20.799 [E]  read data head Error
2023/06/15 14:19:26.668 [E]  read data head Error
2023/06/15 14:21:31.981 [E]  read data head Error
2023/06/15 14:21:42.820 [E]  read data head Error
2023/06/15 14:21:56.117 [E]  read data head Error
2023/06/15 14:35:05.390 [E]  read data head Error
2023/06/15 14:35:08.249 [E]  read data head Error
2023/06/15 14:35:15.906 [E]  read data head Error
2023/06/15 14:35:32.379 [I]  init sec succ
2023/06/15 14:36:05.177 [E]  read data head Error
2023/06/15 14:37:04.031 [I]  init sec succ
2023/06/15 14:37:14.502 [I]  init sec succ
2023/06/15 16:19:45.732 [E]  read data head Error
2023/06/15 16:19:57.176 [E]  read data head Error
2023/06/15 16:20:08.086 [E]  read data head Error
2023/06/15 16:48:27.667 [E]  read data head Error
2023/06/15 16:59:36.324 [E]  read data head Error
2023/06/15 16:59:44.842 [E]  read data head Error
2023/06/15 17:10:54.167 [E]  read data head Error
2023/06/15 17:59:10.444 [E]  read data head Error
2023/06/15 17:59:29.031 [E]  read data head Error
2023/06/15 17:59:44.614 [I]  init sec succ
2023/06/15 18:00:50.521 [E]  read data head Error
